Arguments: 
  /usr/local/bin/node /usr/local/bin/yarn test

PATH: 
  /usr/local/bin:/usr/bin:/bin:/usr/sbin:/sbin

Yarn version: 
  1.5.1

Node version: 
  8.9.4

Platform: 
  darwin x64

npm manifest: 
  {
    "name": "unittest",
    "version": "1.0.0",
    "description": "This project is only for testing purposes.",
    "main": "sum.js",
    "scripts": {
      "test": "jest"
    },
    "author": "Sandhya Mahat",
    "license": "ISC",
    "repository": {
      "type": "git",
      "url": "git+https://github.com/Sannu8/UnitTesting.git"
    },
    "keywords": ["Unit", "Testing"],
    "bugs": {
      "url": "https://github.com/Sannu8/UnitTesting/issues"
    },
    "homepage": "https://github.com/Sannu8/UnitTesting#readme",
    "devDependencies": {
      "jest": "^22.4.3"
    }
  }

yarn manifest: 
  No manifest

Lockfile: 
  No lockfile

Trace: 
  Error: Command failed.
  Exit code: 1
  Command: sh
  Arguments: -c jest
  Directory: /Users/Sannu/UnitTesting
  Output:
  
      at ProcessTermError.MessageError (/usr/local/lib/node_modules/yarn/lib/cli.js:186:110)
      at new ProcessTermError (/usr/local/lib/node_modules/yarn/lib/cli.js:226:113)
      at ChildProcess.<anonymous> (/usr/local/lib/node_modules/yarn/lib/cli.js:30281:17)
      at emitTwo (events.js:126:13)
      at ChildProcess.emit (events.js:214:7)
      at maybeClose (internal/child_process.js:925:16)
      at Process.ChildProcess._handle.onexit (internal/child_process.js:209:5)
